Arguments: 
  /home/ben/.nvm/versions/node/v8.11.1/bin/node /usr/share/yarn/bin/yarn.js add zlib.js

PATH: 
  /home/ben/caffe/build/tools:/usr/local/cuda-9.0/bin:/home/ben/caffe/build/tools:/home/ben/.nvm/versions/node/v8.11.1/bin:/usr/local/cuda-9.0/bin:/usr/local/sbin:/usr/local/bin:/usr/sbin:/usr/bin:/sbin:/bin:/usr/games:/usr/local/games:/snap/bin:/usr/lib/jvm/java-8-oracle/bin:/usr/lib/jvm/java-8-oracle/db/bin:/usr/lib/jvm/java-8-oracle/jre/bin:/usr/lib/jvm/java-8-oracle/bin:/usr/lib/jvm/java-8-oracle/db/bin:/usr/lib/jvm/java-8-oracle/jre/bin:/usr/lib/jvm/java-8-oracle/bin:/home/ben/.local/bin:/usr/local/spark-2.3.1/bin:/home/ben/Android/Sdk/tools:/usr/lib/jvm/java-8-oracle/bin:/home/ben/.local/bin:/usr/local/spark-2.3.1/bin:/home/ben/Android/Sdk/tools

Yarn version: 
  1.7.0

Node version: 
  8.11.1

Platform: 
  linux x64

Trace: 
  Error: https://registry.yarnpkg.com/zlib.js: Not found
      at Request.params.callback [as _callback] (/usr/share/yarn/lib/cli.js:65656:18)
      at Request.self.callback (/usr/share/yarn/lib/cli.js:134675:22)
      at emitTwo (events.js:126:13)
      at Request.emit (events.js:214:7)
      at Request.<anonymous> (/usr/share/yarn/lib/cli.js:135658:10)
      at emitOne (events.js:116:13)
      at Request.emit (events.js:211:7)
      at IncomingMessage.<anonymous> (/usr/share/yarn/lib/cli.js:135578:12)
      at Object.onceWrapper (events.js:313:30)
      at emitNone (events.js:111:20)

npm manifest: 
  {
    "name": "ThreeTest",
    "version": "1.0.0",
    "description": "Mifly three test.",
    "main": "index.js",
    "author": "ben",
    "license": "MIT",
    "dependencies": {
      "dat.gui": "^0.7.2",
      "mmd-parser": "^1.0.3",
      "stats-js": "^1.0.0-alpha1",
      "three": "^0.93.0"
    }
  }

yarn manifest: 
  No manifest

Lockfile: 
  # THIS IS AN AUTOGENERATED FILE. DO NOT EDIT THIS FILE DIRECTLY.
  # yarn lockfile v1
  
  
  dat.gui@^0.7.2:
    version "0.7.2"
    resolved "https://registry.yarnpkg.com/dat.gui/-/dat.gui-0.7.2.tgz#57056f286d0f989e83f5adec196f24fd69c01ae3"
  
  mmd-parser@^1.0.3:
    version "1.0.3"
    resolved "https://registry.yarnpkg.com/mmd-parser/-/mmd-parser-1.0.3.tgz#7e4e475d076729e592c3e6bbe9298d7b841ed3ed"
  
  stats-js@^1.0.0-alpha1:
    version "1.0.0-alpha1"
    resolved "https://registry.yarnpkg.com/stats-js/-/stats-js-1.0.0-alpha1.tgz#44ae82e6421123bab99750d95c3f5526b8f257db"
  
  three@^0.93.0:
    version "0.93.0"
    resolved "https://registry.yarnpkg.com/three/-/three-0.93.0.tgz#3fd6c367ef4554abbb6e16ad69936283e895c123"
